{INFO}    [com.revature.ui.MainMenu]                              1. Log In As Customer    2月-03-2021 星期三 EST 17:08:17              
{INFO}    [com.revature.ui.MainMenu]                              2. Log In As Employee    2月-03-2021 星期三 EST 17:08:17              
{INFO}    [com.revature.ui.MainMenu]                              3. Create an Customer Account    2月-03-2021 星期三 EST 17:08:17              
{INFO}    [com.revature.ui.MainMenu]                              4. Create an Employee Account    2月-03-2021 星期三 EST 17:08:17              
{INFO}    [com.revature.ui.MainMenu]                              5. Exit    2月-03-2021 星期三 EST 17:08:17              
{INFO}    [com.revature.ui.MainMenu]     
                         PLEASE CHOOSE FROM <1-5>:     2月-03-2021 星期三 EST 17:08:17              
{INFO}    [com.revature.ui.CustomerLoginView]     
-----------------------WELCOME TO CUSTOMER'S LOG IN SYSTEM------------------------
    2月-03-2021 星期三 EST 17:08:23              
{INFO}    [com.revature.ui.CustomerLoginView]     
                   1. Log In To Your Customer Panel    2月-03-2021 星期三 EST 17:08:23              
{INFO}    [com.revature.ui.CustomerLoginView]     
                   2. Return Back To Main Menu    2月-03-2021 星期三 EST 17:08:23              
{INFO}    [com.revature.ui.MainMenu]     
-----------------------WELCOME TO XING LIU'S BANKING SYSTEM-----------------------
    2月-03-2021 星期三 EST 17:08:35              
{INFO}    [com.revature.ui.MainMenu]                              1. Log In As Customer    2月-03-2021 星期三 EST 17:08:35              
{INFO}    [com.revature.ui.MainMenu]                              2. Log In As Employee    2月-03-2021 星期三 EST 17:08:35              
{INFO}    [com.revature.ui.MainMenu]                              3. Create an Customer Account    2月-03-2021 星期三 EST 17:08:35              
{INFO}    [com.revature.ui.MainMenu]                              4. Create an Employee Account    2月-03-2021 星期三 EST 17:08:35              
{INFO}    [com.revature.ui.MainMenu]                              5. Exit    2月-03-2021 星期三 EST 17:08:35              
{INFO}    [com.revature.ui.MainMenu]     
                         PLEASE CHOOSE FROM <1-5>:     2月-03-2021 星期三 EST 17:08:35              
{INFO}    [com.revature.ui.CustomerLoginView]     
-----------------------WELCOME TO CUSTOMER'S LOG IN SYSTEM------------------------
    2月-03-2021 星期三 EST 17:08:52              
{INFO}    [com.revature.ui.CustomerLoginView]     
                   1. Log In To Your Customer Panel    2月-03-2021 星期三 EST 17:08:52              
{INFO}    [com.revature.ui.CustomerLoginView]     
                   2. Return Back To Main Menu    2月-03-2021 星期三 EST 17:08:52              
{INFO}    [com.revature.ui.CustomerLoginView]     1. Please enter your username    2月-03-2021 星期三 EST 17:09:03              
{INFO}    [com.revature.ui.CustomerLoginView]     
2. Please enter your password    2月-03-2021 星期三 EST 17:09:06              
{INFO}    [com.revature.ui.CustomerPanel]     
-----------------------WELCOME TO CUSTOMER'S BANKING SYSTEM-----------------------
    2月-03-2021 星期三 EST 17:09:08              
{INFO}    [com.revature.ui.CustomerPanel]                              1. APPLY FOR CHECKING ACCOUNT    2月-03-2021 星期三 EST 17:09:08              
{INFO}    [com.revature.ui.CustomerPanel]                              2. APPLY FOR SAVING ACCOUNT    2月-03-2021 星期三 EST 17:09:08              
{INFO}    [com.revature.ui.CustomerPanel]                              3. CHECK YOUR CHECKING ACCOUNT BALANCE    2月-03-2021 星期三 EST 17:09:08              
{INFO}    [com.revature.ui.CustomerPanel]                              4. CHECK YOUR SAVING ACCOUNT BALANCE    2月-03-2021 星期三 EST 17:09:08              
{INFO}    [com.revature.ui.CustomerPanel]                              5. DEPOSIT TO CHECKING ACCOUNT    2月-03-2021 星期三 EST 17:09:08              
{INFO}    [com.revature.ui.CustomerPanel]                              6. DEPOSIT TO SAVING ACCOUNT    2月-03-2021 星期三 EST 17:09:08              
{INFO}    [com.revature.ui.CustomerPanel]                              7. WITHDRAW FROM CHECKING ACCOUNT    2月-03-2021 星期三 EST 17:09:08              
{INFO}    [com.revature.ui.CustomerPanel]                              8. WITHDRAW FROM SAVING ACCOUNT    2月-03-2021 星期三 EST 17:09:08              
{INFO}    [com.revature.ui.CustomerPanel]                              9. TRANSFER MONEY    2月-03-2021 星期三 EST 17:09:08              
{INFO}    [com.revature.ui.CustomerPanel]                              0. Exit    2月-03-2021 星期三 EST 17:09:08              
{INFO}    [com.revature.ui.CustomerPanel]     
                         PLEASE CHOOSE FROM <0-9>:     2月-03-2021 星期三 EST 17:09:08              
{INFO}    [com.revature.ui.CustomerLoginView]     
                   1. Log In To Your Customer Panel    2月-03-2021 星期三 EST 17:09:08              
{INFO}    [com.revature.ui.CustomerLoginView]     
                   2. Return Back To Main Menu    2月-03-2021 星期三 EST 17:09:08              
{INFO}    [com.revature.ui.MainMenu]     
-----------------------WELCOME TO XING LIU'S BANKING SYSTEM-----------------------
    2月-03-2021 星期三 EST 21:57:53              
{INFO}    [com.revature.ui.MainMenu]                              1. Log In As Customer    2月-03-2021 星期三 EST 21:57:53              
{INFO}    [com.revature.ui.MainMenu]                              2. Log In As Employee    2月-03-2021 星期三 EST 21:57:53              
{INFO}    [com.revature.ui.MainMenu]                              3. Create an Customer Account    2月-03-2021 星期三 EST 21:57:53              
{INFO}    [com.revature.ui.MainMenu]                              4. Create an Employee Account    2月-03-2021 星期三 EST 21:57:53              
{INFO}    [com.revature.ui.MainMenu]                              5. Exit    2月-03-2021 星期三 EST 21:57:53              
{INFO}    [com.revature.ui.MainMenu]     
                         PLEASE CHOOSE FROM <1-5>:     2月-03-2021 星期三 EST 21:57:53              
{INFO}    [com.revature.ui.MainMenu]     
-----------------------WELCOME TO XING LIU'S BANKING SYSTEM-----------------------
    2月-03-2021 星期三 EST 21:58:20              
{INFO}    [com.revature.ui.MainMenu]                              1. Log In As Customer    2月-03-2021 星期三 EST 21:58:20              
{INFO}    [com.revature.ui.MainMenu]                              2. Log In As Employee    2月-03-2021 星期三 EST 21:58:20              
{INFO}    [com.revature.ui.MainMenu]                              3. Create an Customer Account    2月-03-2021 星期三 EST 21:58:20              
{INFO}    [com.revature.ui.MainMenu]                              4. Create an Employee Account    2月-03-2021 星期三 EST 21:58:20              
{INFO}    [com.revature.ui.MainMenu]                              5. Exit    2月-03-2021 星期三 EST 21:58:20              
{INFO}    [com.revature.ui.MainMenu]     
                         PLEASE CHOOSE FROM <1-5>:     2月-03-2021 星期三 EST 21:58:20              
{INFO}    [com.revature.ui.MainMenu]     
-----------------------WELCOME TO XING LIU'S BANKING SYSTEM-----------------------
    2月-03-2021 星期三 EST 22:00:10              
{INFO}    [com.revature.ui.MainMenu]                              1. Log In As Customer    2月-03-2021 星期三 EST 22:00:10              
{INFO}    [com.revature.ui.MainMenu]                              2. Log In As Employee    2月-03-2021 星期三 EST 22:00:10              
{INFO}    [com.revature.ui.MainMenu]                              3. Create an Customer Account    2月-03-2021 星期三 EST 22:00:10              
{INFO}    [com.revature.ui.MainMenu]                              4. Create an Employee Account    2月-03-2021 星期三 EST 22:00:10              
{INFO}    [com.revature.ui.MainMenu]                              5. Exit    2月-03-2021 星期三 EST 22:00:10              
{INFO}    [com.revature.ui.MainMenu]     
                         PLEASE CHOOSE FROM <1-5>:     2月-03-2021 星期三 EST 22:00:10              
{INFO}    [com.revature.ui.CreateCustomerView]     
-----------------------WELCOME TO CREATE CUSTOMER ACCOUNT--------------------------    2月-03-2021 星期三 EST 22:00:15              
{INFO}    [com.revature.ui.CreateCustomerView]     Please Enter Your First Name    2月-03-2021 星期三 EST 22:00:15              
{INFO}    [com.revature.ui.CreateCustomerView]     Please Enter Your Last Name    2月-03-2021 星期三 EST 22:00:17              
{INFO}    [com.revature.ui.CreateCustomerView]     Please Enter Your Username    2月-03-2021 星期三 EST 22:00:18              
{INFO}    [com.revature.ui.CreateCustomerView]     Please Enter Your Password    2月-03-2021 星期三 EST 22:00:20              
{INFO}    [com.revature.services.CustomerService]     
User created successfully
    2月-03-2021 星期三 EST 22:00:22              
{INFO}    [com.revature.ui.MainMenu]     
-----------------------WELCOME TO XING LIU'S BANKING SYSTEM-----------------------
    2月-03-2021 星期三 EST 22:00:22              
{INFO}    [com.revature.ui.MainMenu]                              1. Log In As Customer    2月-03-2021 星期三 EST 22:00:22              
{INFO}    [com.revature.ui.MainMenu]                              2. Log In As Employee    2月-03-2021 星期三 EST 22:00:22              
{INFO}    [com.revature.ui.MainMenu]                              3. Create an Customer Account    2月-03-2021 星期三 EST 22:00:22              
{INFO}    [com.revature.ui.MainMenu]                              4. Create an Employee Account    2月-03-2021 星期三 EST 22:00:22              
{INFO}    [com.revature.ui.MainMenu]                              5. Exit    2月-03-2021 星期三 EST 22:00:22              
{INFO}    [com.revature.ui.MainMenu]     
                         PLEASE CHOOSE FROM <1-5>:     2月-03-2021 星期三 EST 22:00:22              
{INFO}    [com.revature.ui.CustomerLoginView]     
-----------------------WELCOME TO CUSTOMER'S LOG IN SYSTEM------------------------
    2月-03-2021 星期三 EST 22:00:27              
{INFO}    [com.revature.ui.CustomerLoginView]     
                   1. Log In To Your Customer Panel    2月-03-2021 星期三 EST 22:00:27              
{INFO}    [com.revature.ui.CustomerLoginView]     
                   2. Return Back To Main Menu    2月-03-2021 星期三 EST 22:00:27              
{INFO}    [com.revature.ui.MainMenu]     
-----------------------WELCOME TO XING LIU'S BANKING SYSTEM-----------------------
    2月-03-2021 星期三 EST 22:00:31              
{INFO}    [com.revature.ui.MainMenu]                              1. Log In As Customer    2月-03-2021 星期三 EST 22:00:31              
{INFO}    [com.revature.ui.MainMenu]                              2. Log In As Employee    2月-03-2021 星期三 EST 22:00:31              
{INFO}    [com.revature.ui.MainMenu]                              3. Create an Customer Account    2月-03-2021 星期三 EST 22:00:31              
{INFO}    [com.revature.ui.MainMenu]                              4. Create an Employee Account    2月-03-2021 星期三 EST 22:00:31              
{INFO}    [com.revature.ui.MainMenu]                              5. Exit    2月-03-2021 星期三 EST 22:00:31              
{INFO}    [com.revature.ui.MainMenu]     
                         PLEASE CHOOSE FROM <1-5>:     2月-03-2021 星期三 EST 22:00:31              
{INFO}    [com.revature.ui.CustomerLoginView]     
-----------------------WELCOME TO CUSTOMER'S LOG IN SYSTEM------------------------
    2月-03-2021 星期三 EST 22:00:35              
{INFO}    [com.revature.ui.CustomerLoginView]     
                   1. Log In To Your Customer Panel    2月-03-2021 星期三 EST 22:00:35              
{INFO}    [com.revature.ui.CustomerLoginView]     
                   2. Return Back To Main Menu    2月-03-2021 星期三 EST 22:00:35              
{INFO}    [com.revature.ui.CustomerLoginView]     1. Please enter your username    2月-03-2021 星期三 EST 22:00:39              
{INFO}    [com.revature.ui.CustomerLoginView]     
2. Please enter your password    2月-03-2021 星期三 EST 22:00:42              
{INFO}    [com.revature.ui.MainMenu]     
-----------------------WELCOME TO XING LIU'S BANKING SYSTEM-----------------------
    2月-03-2021 星期三 EST 22:10:06              
{INFO}    [com.revature.ui.MainMenu]                              1. Log In As Customer    2月-03-2021 星期三 EST 22:10:06              
{INFO}    [com.revature.ui.MainMenu]                              2. Log In As Employee    2月-03-2021 星期三 EST 22:10:06              
{INFO}    [com.revature.ui.MainMenu]                              3. Create an Customer Account    2月-03-2021 星期三 EST 22:10:06              
{INFO}    [com.revature.ui.MainMenu]                              4. Create an Employee Account    2月-03-2021 星期三 EST 22:10:06              
{INFO}    [com.revature.ui.MainMenu]                              5. Exit    2月-03-2021 星期三 EST 22:10:06              
{INFO}    [com.revature.ui.MainMenu]     
                         PLEASE CHOOSE FROM <1-5>:     2月-03-2021 星期三 EST 22:10:06              
{INFO}    [com.revature.ui.CreateCustomerView]     
-----------------------WELCOME TO CREATE CUSTOMER ACCOUNT--------------------------    2月-03-2021 星期三 EST 22:10:08              
{INFO}    [com.revature.ui.CreateCustomerView]     Please Enter Your First Name    2月-03-2021 星期三 EST 22:10:08              
{INFO}    [com.revature.ui.CreateCustomerView]     Please Enter Your Last Name    2月-03-2021 星期三 EST 22:10:11              
{INFO}    [com.revature.ui.CreateCustomerView]     Please Enter Your Username    2月-03-2021 星期三 EST 22:10:12              
{INFO}    [com.revature.ui.CreateCustomerView]     Please Enter Your Password    2月-03-2021 星期三 EST 22:10:13              
{INFO}    [com.revature.services.CustomerService]     
User created successfully
    2月-03-2021 星期三 EST 22:10:14              
{INFO}    [com.revature.ui.MainMenu]     
-----------------------WELCOME TO XING LIU'S BANKING SYSTEM-----------------------
    2月-03-2021 星期三 EST 22:10:14              
{INFO}    [com.revature.ui.MainMenu]                              1. Log In As Customer    2月-03-2021 星期三 EST 22:10:14              
{INFO}    [com.revature.ui.MainMenu]                              2. Log In As Employee    2月-03-2021 星期三 EST 22:10:14              
{INFO}    [com.revature.ui.MainMenu]                              3. Create an Customer Account    2月-03-2021 星期三 EST 22:10:14              
{INFO}    [com.revature.ui.MainMenu]                              4. Create an Employee Account    2月-03-2021 星期三 EST 22:10:14              
{INFO}    [com.revature.ui.MainMenu]                              5. Exit    2月-03-2021 星期三 EST 22:10:14              
{INFO}    [com.revature.ui.MainMenu]     
                         PLEASE CHOOSE FROM <1-5>:     2月-03-2021 星期三 EST 22:10:14              
{INFO}    [com.revature.ui.CustomerLoginView]     
-----------------------WELCOME TO CUSTOMER'S LOG IN SYSTEM------------------------
    2月-03-2021 星期三 EST 22:10:19              
{INFO}    [com.revature.ui.CustomerLoginView]     
                   1. Log In To Your Customer Panel    2月-03-2021 星期三 EST 22:10:19              
{INFO}    [com.revature.ui.CustomerLoginView]     
                   2. Return Back To Main Menu    2月-03-2021 星期三 EST 22:10:19              
{INFO}    [com.revature.ui.CustomerLoginView]     1. Please enter your username    2月-03-2021 星期三 EST 22:10:21              
{INFO}    [com.revature.ui.CustomerLoginView]     
2. Please enter your password    2月-03-2021 星期三 EST 22:10:24              
{INFO}    [com.revature.ui.CustomerPanel]     
-----------------------WELCOME TO CUSTOMER'S BANKING SYSTEM-----------------------
    2月-03-2021 星期三 EST 22:10:25              
{INFO}    [com.revature.ui.CustomerPanel]                              1. APPLY FOR CHECKING ACCOUNT    2月-03-2021 星期三 EST 22:10:25              
{INFO}    [com.revature.ui.CustomerPanel]                              2. APPLY FOR SAVING ACCOUNT    2月-03-2021 星期三 EST 22:10:25              
{INFO}    [com.revature.ui.CustomerPanel]                              3. CHECK YOUR CHECKING ACCOUNT BALANCE    2月-03-2021 星期三 EST 22:10:25              
{INFO}    [com.revature.ui.CustomerPanel]                              4. CHECK YOUR SAVING ACCOUNT BALANCE    2月-03-2021 星期三 EST 22:10:25              
{INFO}    [com.revature.ui.CustomerPanel]                              5. DEPOSIT TO CHECKING ACCOUNT    2月-03-2021 星期三 EST 22:10:25              
{INFO}    [com.revature.ui.CustomerPanel]                              6. DEPOSIT TO SAVING ACCOUNT    2月-03-2021 星期三 EST 22:10:25              
{INFO}    [com.revature.ui.CustomerPanel]                              7. WITHDRAW FROM CHECKING ACCOUNT    2月-03-2021 星期三 EST 22:10:25              
{INFO}    [com.revature.ui.CustomerPanel]                              8. WITHDRAW FROM SAVING ACCOUNT    2月-03-2021 星期三 EST 22:10:25              
{INFO}    [com.revature.ui.CustomerPanel]                              9. TRANSFER MONEY    2月-03-2021 星期三 EST 22:10:25              
{INFO}    [com.revature.ui.CustomerPanel]                              0. Exit    2月-03-2021 星期三 EST 22:10:25              
{INFO}    [com.revature.ui.CustomerPanel]     
                         PLEASE CHOOSE FROM <0-9>:     2月-03-2021 星期三 EST 22:10:25              
{INFO}    [com.revature.ui.MainMenu]     
-----------------------WELCOME TO XING LIU'S BANKING SYSTEM-----------------------
    2月-03-2021 星期三 EST 22:18:09              
{INFO}    [com.revature.ui.MainMenu]                              1. Log In As Customer    2月-03-2021 星期三 EST 22:18:09              
{INFO}    [com.revature.ui.MainMenu]                              2. Log In As Employee    2月-03-2021 星期三 EST 22:18:09              
{INFO}    [com.revature.ui.MainMenu]                              3. Create an Customer Account    2月-03-2021 星期三 EST 22:18:09              
{INFO}    [com.revature.ui.MainMenu]                              4. Create an Employee Account    2月-03-2021 星期三 EST 22:18:09              
{INFO}    [com.revature.ui.MainMenu]                              5. Exit    2月-03-2021 星期三 EST 22:18:09              
{INFO}    [com.revature.ui.MainMenu]     
                         PLEASE CHOOSE FROM <1-5>:     2月-03-2021 星期三 EST 22:18:09              
{INFO}    [com.revature.ui.CustomerLoginView]     
-----------------------WELCOME TO CUSTOMER'S LOG IN SYSTEM------------------------
    2月-03-2021 星期三 EST 22:18:16              
{INFO}    [com.revature.ui.CustomerLoginView]     
                   1. Log In To Your Customer Panel    2月-03-2021 星期三 EST 22:18:16              
{INFO}    [com.revature.ui.CustomerLoginView]     
                   2. Return Back To Main Menu    2月-03-2021 星期三 EST 22:18:16              
{INFO}    [com.revature.ui.CustomerLoginView]     Your Entered Wrong Choice, Please Enter Again    2月-03-2021 星期三 EST 22:18:22              
{INFO}    [com.revature.ui.CustomerLoginView]     
                   1. Log In To Your Customer Panel    2月-03-2021 星期三 EST 22:18:22              
{INFO}    [com.revature.ui.CustomerLoginView]     
                   2. Return Back To Main Menu    2月-03-2021 星期三 EST 22:18:22              
{INFO}    [com.revature.ui.CustomerLoginView]     1. Please enter your username    2月-03-2021 星期三 EST 22:18:25              
{INFO}    [com.revature.ui.CustomerLoginView]     
2. Please enter your password    2月-03-2021 星期三 EST 22:18:26              
{INFO}    [com.revature.ui.CustomerPanel]     
-----------------------WELCOME TO CUSTOMER'S BANKING SYSTEM-----------------------
    2月-03-2021 星期三 EST 22:18:27              
{INFO}    [com.revature.ui.CustomerPanel]                              1. APPLY FOR CHECKING ACCOUNT    2月-03-2021 星期三 EST 22:18:27              
{INFO}    [com.revature.ui.CustomerPanel]                              2. APPLY FOR SAVING ACCOUNT    2月-03-2021 星期三 EST 22:18:27              
{INFO}    [com.revature.ui.CustomerPanel]                              3. CHECK YOUR CHECKING ACCOUNT BALANCE    2月-03-2021 星期三 EST 22:18:27              
{INFO}    [com.revature.ui.CustomerPanel]                              4. CHECK YOUR SAVING ACCOUNT BALANCE    2月-03-2021 星期三 EST 22:18:27              
{INFO}    [com.revature.ui.CustomerPanel]                              5. DEPOSIT TO CHECKING ACCOUNT    2月-03-2021 星期三 EST 22:18:27              
{INFO}    [com.revature.ui.CustomerPanel]                              6. DEPOSIT TO SAVING ACCOUNT    2月-03-2021 星期三 EST 22:18:27              
{INFO}    [com.revature.ui.CustomerPanel]                              7. WITHDRAW FROM CHECKING ACCOUNT    2月-03-2021 星期三 EST 22:18:27              
{INFO}    [com.revature.ui.CustomerPanel]                              8. WITHDRAW FROM SAVING ACCOUNT    2月-03-2021 星期三 EST 22:18:27              
{INFO}    [com.revature.ui.CustomerPanel]                              9. TRANSFER MONEY    2月-03-2021 星期三 EST 22:18:27              
{INFO}    [com.revature.ui.CustomerPanel]                              0. Exit    2月-03-2021 星期三 EST 22:18:27              
{INFO}    [com.revature.ui.CustomerPanel]     
                         PLEASE CHOOSE FROM <0-9>:     2月-03-2021 星期三 EST 22:18:27              
{INFO}    [com.revature.ui.CustomerPanel]     申请checking账户成功    2月-03-2021 星期三 EST 22:18:30              
{INFO}    [com.revature.ui.CustomerPanel]     
-----------------------WELCOME TO CUSTOMER'S BANKING SYSTEM-----------------------
    2月-03-2021 星期三 EST 22:18:30              
{INFO}    [com.revature.ui.CustomerPanel]                              1. APPLY FOR CHECKING ACCOUNT    2月-03-2021 星期三 EST 22:18:30              
{INFO}    [com.revature.ui.CustomerPanel]                              2. APPLY FOR SAVING ACCOUNT    2月-03-2021 星期三 EST 22:18:30              
{INFO}    [com.revature.ui.CustomerPanel]                              3. CHECK YOUR CHECKING ACCOUNT BALANCE    2月-03-2021 星期三 EST 22:18:30              
{INFO}    [com.revature.ui.CustomerPanel]                              4. CHECK YOUR SAVING ACCOUNT BALANCE    2月-03-2021 星期三 EST 22:18:30              
{INFO}    [com.revature.ui.CustomerPanel]                              5. DEPOSIT TO CHECKING ACCOUNT    2月-03-2021 星期三 EST 22:18:30              
{INFO}    [com.revature.ui.CustomerPanel]                              6. DEPOSIT TO SAVING ACCOUNT    2月-03-2021 星期三 EST 22:18:30              
{INFO}    [com.revature.ui.CustomerPanel]                              7. WITHDRAW FROM CHECKING ACCOUNT    2月-03-2021 星期三 EST 22:18:30              
{INFO}    [com.revature.ui.CustomerPanel]                              8. WITHDRAW FROM SAVING ACCOUNT    2月-03-2021 星期三 EST 22:18:30              
{INFO}    [com.revature.ui.CustomerPanel]                              9. TRANSFER MONEY    2月-03-2021 星期三 EST 22:18:30              
{INFO}    [com.revature.ui.CustomerPanel]                              0. Exit    2月-03-2021 星期三 EST 22:18:30              
{INFO}    [com.revature.ui.CustomerPanel]     
                         PLEASE CHOOSE FROM <0-9>:     2月-03-2021 星期三 EST 22:18:30              
{INFO}    [com.revature.ui.MainMenu]     
-----------------------WELCOME TO XING LIU'S BANKING SYSTEM-----------------------
    2月-03-2021 星期三 EST 22:19:31              
{INFO}    [com.revature.ui.MainMenu]                              1. Log In As Customer    2月-03-2021 星期三 EST 22:19:31              
{INFO}    [com.revature.ui.MainMenu]                              2. Log In As Employee    2月-03-2021 星期三 EST 22:19:31              
{INFO}    [com.revature.ui.MainMenu]                              3. Create an Customer Account    2月-03-2021 星期三 EST 22:19:31              
{INFO}    [com.revature.ui.MainMenu]                              4. Create an Employee Account    2月-03-2021 星期三 EST 22:19:31              
{INFO}    [com.revature.ui.MainMenu]                              5. Exit    2月-03-2021 星期三 EST 22:19:31              
{INFO}    [com.revature.ui.MainMenu]     
                         PLEASE CHOOSE FROM <1-5>:     2月-03-2021 星期三 EST 22:19:31              
{INFO}    [com.revature.ui.CustomerLoginView]     
-----------------------WELCOME TO CUSTOMER'S LOG IN SYSTEM------------------------
    2月-03-2021 星期三 EST 22:19:35              
{INFO}    [com.revature.ui.CustomerLoginView]     
                   1. Log In To Your Customer Panel    2月-03-2021 星期三 EST 22:19:35              
{INFO}    [com.revature.ui.CustomerLoginView]     
                   2. Return Back To Main Menu    2月-03-2021 星期三 EST 22:19:35              
{INFO}    [com.revature.ui.CustomerLoginView]     1. Please enter your username    2月-03-2021 星期三 EST 22:19:37              
{INFO}    [com.revature.ui.CustomerLoginView]     
2. Please enter your password    2月-03-2021 星期三 EST 22:19:38              
{INFO}    [com.revature.ui.CustomerPanel]     
-----------------------WELCOME TO CUSTOMER'S BANKING SYSTEM-----------------------
    2月-03-2021 星期三 EST 22:19:39              
{INFO}    [com.revature.ui.CustomerPanel]                              1. APPLY FOR CHECKING ACCOUNT    2月-03-2021 星期三 EST 22:19:39              
{INFO}    [com.revature.ui.CustomerPanel]                              2. APPLY FOR SAVING ACCOUNT    2月-03-2021 星期三 EST 22:19:39              
{INFO}    [com.revature.ui.CustomerPanel]                              3. CHECK YOUR CHECKING ACCOUNT BALANCE    2月-03-2021 星期三 EST 22:19:39              
{INFO}    [com.revature.ui.CustomerPanel]                              4. CHECK YOUR SAVING ACCOUNT BALANCE    2月-03-2021 星期三 EST 22:19:39              
{INFO}    [com.revature.ui.CustomerPanel]                              5. DEPOSIT TO CHECKING ACCOUNT    2月-03-2021 星期三 EST 22:19:39              
{INFO}    [com.revature.ui.CustomerPanel]                              6. DEPOSIT TO SAVING ACCOUNT    2月-03-2021 星期三 EST 22:19:39              
{INFO}    [com.revature.ui.CustomerPanel]                              7. WITHDRAW FROM CHECKING ACCOUNT    2月-03-2021 星期三 EST 22:19:39              
{INFO}    [com.revature.ui.CustomerPanel]                              8. WITHDRAW FROM SAVING ACCOUNT    2月-03-2021 星期三 EST 22:19:39              
{INFO}    [com.revature.ui.CustomerPanel]                              9. TRANSFER MONEY    2月-03-2021 星期三 EST 22:19:39              
{INFO}    [com.revature.ui.CustomerPanel]                              0. Exit    2月-03-2021 星期三 EST 22:19:39              
{INFO}    [com.revature.ui.CustomerPanel]     
                         PLEASE CHOOSE FROM <0-9>:     2月-03-2021 星期三 EST 22:19:39              
{INFO}    [com.revature.ui.CustomerPanel]     申请checking账户成功    2月-03-2021 星期三 EST 22:19:41              
{INFO}    [com.revature.ui.CustomerPanel]     
-----------------------WELCOME TO CUSTOMER'S BANKING SYSTEM-----------------------
    2月-03-2021 星期三 EST 22:19:41              
{INFO}    [com.revature.ui.CustomerPanel]                              1. APPLY FOR CHECKING ACCOUNT    2月-03-2021 星期三 EST 22:19:41              
{INFO}    [com.revature.ui.CustomerPanel]                              2. APPLY FOR SAVING ACCOUNT    2月-03-2021 星期三 EST 22:19:41              
{INFO}    [com.revature.ui.CustomerPanel]                              3. CHECK YOUR CHECKING ACCOUNT BALANCE    2月-03-2021 星期三 EST 22:19:41              
{INFO}    [com.revature.ui.CustomerPanel]                              4. CHECK YOUR SAVING ACCOUNT BALANCE    2月-03-2021 星期三 EST 22:19:41              
{INFO}    [com.revature.ui.CustomerPanel]                              5. DEPOSIT TO CHECKING ACCOUNT    2月-03-2021 星期三 EST 22:19:41              
{INFO}    [com.revature.ui.CustomerPanel]                              6. DEPOSIT TO SAVING ACCOUNT    2月-03-2021 星期三 EST 22:19:41              
{INFO}    [com.revature.ui.CustomerPanel]                              7. WITHDRAW FROM CHECKING ACCOUNT    2月-03-2021 星期三 EST 22:19:41              
{INFO}    [com.revature.ui.CustomerPanel]                              8. WITHDRAW FROM SAVING ACCOUNT    2月-03-2021 星期三 EST 22:19:41              
{INFO}    [com.revature.ui.CustomerPanel]                              9. TRANSFER MONEY    2月-03-2021 星期三 EST 22:19:41              
{INFO}    [com.revature.ui.CustomerPanel]                              0. Exit    2月-03-2021 星期三 EST 22:19:41              
{INFO}    [com.revature.ui.CustomerPanel]     
                         PLEASE CHOOSE FROM <0-9>:     2月-03-2021 星期三 EST 22:19:41              
{INFO}    [com.revature.ui.MainMenu]     
-----------------------WELCOME TO XING LIU'S BANKING SYSTEM-----------------------
    2月-03-2021 星期三 EST 22:41:43              
{INFO}    [com.revature.ui.MainMenu]                              1. Log In As Customer    2月-03-2021 星期三 EST 22:41:43              
{INFO}    [com.revature.ui.MainMenu]                              2. Log In As Employee    2月-03-2021 星期三 EST 22:41:43              
{INFO}    [com.revature.ui.MainMenu]                              3. Create an Customer Account    2月-03-2021 星期三 EST 22:41:43              
{INFO}    [com.revature.ui.MainMenu]                              4. Create an Employee Account    2月-03-2021 星期三 EST 22:41:43              
{INFO}    [com.revature.ui.MainMenu]                              5. Exit    2月-03-2021 星期三 EST 22:41:43              
{INFO}    [com.revature.ui.MainMenu]     
                         PLEASE CHOOSE FROM <1-5>:     2月-03-2021 星期三 EST 22:41:43              
{INFO}    [com.revature.ui.MainMenu]     
-----------------------WELCOME TO XING LIU'S BANKING SYSTEM-----------------------
    2月-03-2021 星期三 EST 22:42:10              
{INFO}    [com.revature.ui.MainMenu]                              1. Log In As Customer    2月-03-2021 星期三 EST 22:42:10              
{INFO}    [com.revature.ui.MainMenu]                              2. Log In As Employee    2月-03-2021 星期三 EST 22:42:10              
{INFO}    [com.revature.ui.MainMenu]                              3. Create an Customer Account    2月-03-2021 星期三 EST 22:42:10              
{INFO}    [com.revature.ui.MainMenu]                              4. Create an Employee Account    2月-03-2021 星期三 EST 22:42:10              
{INFO}    [com.revature.ui.MainMenu]                              5. Exit    2月-03-2021 星期三 EST 22:42:10              
{INFO}    [com.revature.ui.MainMenu]     
                         PLEASE CHOOSE FROM <1-5>:     2月-03-2021 星期三 EST 22:42:10              
{INFO}    [com.revature.ui.CreateCustomerView]     
-----------------------WELCOME TO CREATE CUSTOMER ACCOUNT--------------------------    2月-03-2021 星期三 EST 22:42:12              
{INFO}    [com.revature.ui.CreateCustomerView]     Please Enter Your First Name    2月-03-2021 星期三 EST 22:42:12              
{INFO}    [com.revature.ui.CreateCustomerView]     Please Enter Your Last Name    2月-03-2021 星期三 EST 22:42:22              
{INFO}    [com.revature.ui.CreateCustomerView]     Please Enter Your Username    2月-03-2021 星期三 EST 22:42:23              
{INFO}    [com.revature.ui.CreateCustomerView]     Please Enter Your Password    2月-03-2021 星期三 EST 22:42:24              
{INFO}    [com.revature.services.CustomerService]     
User created successfully
    2月-03-2021 星期三 EST 22:42:25              
{INFO}    [com.revature.ui.MainMenu]     
-----------------------WELCOME TO XING LIU'S BANKING SYSTEM-----------------------
    2月-03-2021 星期三 EST 22:42:25              
{INFO}    [com.revature.ui.MainMenu]                              1. Log In As Customer    2月-03-2021 星期三 EST 22:42:25              
{INFO}    [com.revature.ui.MainMenu]                              2. Log In As Employee    2月-03-2021 星期三 EST 22:42:25              
{INFO}    [com.revature.ui.MainMenu]                              3. Create an Customer Account    2月-03-2021 星期三 EST 22:42:25              
{INFO}    [com.revature.ui.MainMenu]                              4. Create an Employee Account    2月-03-2021 星期三 EST 22:42:25              
{INFO}    [com.revature.ui.MainMenu]                              5. Exit    2月-03-2021 星期三 EST 22:42:25              
{INFO}    [com.revature.ui.MainMenu]     
                         PLEASE CHOOSE FROM <1-5>:     2月-03-2021 星期三 EST 22:42:25              
{INFO}    [com.revature.ui.CustomerLoginView]     
-----------------------WELCOME TO CUSTOMER'S LOG IN SYSTEM------------------------
    2月-03-2021 星期三 EST 22:43:05              
{INFO}    [com.revature.ui.CustomerLoginView]     
                   1. Log In To Your Customer Panel    2月-03-2021 星期三 EST 22:43:05              
{INFO}    [com.revature.ui.CustomerLoginView]     
                   2. Return Back To Main Menu    2月-03-2021 星期三 EST 22:43:05              
{INFO}    [com.revature.ui.CustomerLoginView]     Your Entered Wrong Choice, Please Enter Again    2月-03-2021 星期三 EST 22:43:07              
{INFO}    [com.revature.ui.CustomerLoginView]     
                   1. Log In To Your Customer Panel    2月-03-2021 星期三 EST 22:43:07              
{INFO}    [com.revature.ui.CustomerLoginView]     
                   2. Return Back To Main Menu    2月-03-2021 星期三 EST 22:43:07              
{INFO}    [com.revature.ui.CustomerLoginView]     1. Please enter your username    2月-03-2021 星期三 EST 22:43:09              
{INFO}    [com.revature.ui.CustomerLoginView]     
2. Please enter your password    2月-03-2021 星期三 EST 22:43:10              
{INFO}    [com.revature.ui.CustomerPanel]     
-----------------------WELCOME TO CUSTOMER'S BANKING SYSTEM-----------------------
    2月-03-2021 星期三 EST 22:43:11              
{INFO}    [com.revature.ui.CustomerPanel]                              1. APPLY FOR CHECKING ACCOUNT    2月-03-2021 星期三 EST 22:43:11              
{INFO}    [com.revature.ui.CustomerPanel]                              2. APPLY FOR SAVING ACCOUNT    2月-03-2021 星期三 EST 22:43:11              
{INFO}    [com.revature.ui.CustomerPanel]                              3. CHECK YOUR CHECKING ACCOUNT BALANCE    2月-03-2021 星期三 EST 22:43:11              
{INFO}    [com.revature.ui.CustomerPanel]                              4. CHECK YOUR SAVING ACCOUNT BALANCE    2月-03-2021 星期三 EST 22:43:11              
{INFO}    [com.revature.ui.CustomerPanel]                              5. DEPOSIT TO CHECKING ACCOUNT    2月-03-2021 星期三 EST 22:43:11              
{INFO}    [com.revature.ui.CustomerPanel]                              6. DEPOSIT TO SAVING ACCOUNT    2月-03-2021 星期三 EST 22:43:11              
{INFO}    [com.revature.ui.CustomerPanel]                              7. WITHDRAW FROM CHECKING ACCOUNT    2月-03-2021 星期三 EST 22:43:11              
{INFO}    [com.revature.ui.CustomerPanel]                              8. WITHDRAW FROM SAVING ACCOUNT    2月-03-2021 星期三 EST 22:43:11              
{INFO}    [com.revature.ui.CustomerPanel]                              9. TRANSFER MONEY    2月-03-2021 星期三 EST 22:43:11              
{INFO}    [com.revature.ui.CustomerPanel]                              0. Exit    2月-03-2021 星期三 EST 22:43:11              
{INFO}    [com.revature.ui.CustomerPanel]     
                         PLEASE CHOOSE FROM <0-9>:     2月-03-2021 星期三 EST 22:43:11              
{INFO}    [com.revature.ui.CustomerPanel]     申请checking账户失败    2月-03-2021 星期三 EST 22:43:24              
{INFO}    [com.revature.ui.CustomerPanel]     
-----------------------WELCOME TO CUSTOMER'S BANKING SYSTEM-----------------------
    2月-03-2021 星期三 EST 22:43:24              
{INFO}    [com.revature.ui.CustomerPanel]                              1. APPLY FOR CHECKING ACCOUNT    2月-03-2021 星期三 EST 22:43:24              
{INFO}    [com.revature.ui.CustomerPanel]                              2. APPLY FOR SAVING ACCOUNT    2月-03-2021 星期三 EST 22:43:24              
{INFO}    [com.revature.ui.CustomerPanel]                              3. CHECK YOUR CHECKING ACCOUNT BALANCE    2月-03-2021 星期三 EST 22:43:24              
{INFO}    [com.revature.ui.CustomerPanel]                              4. CHECK YOUR SAVING ACCOUNT BALANCE    2月-03-2021 星期三 EST 22:43:24              
{INFO}    [com.revature.ui.CustomerPanel]                              5. DEPOSIT TO CHECKING ACCOUNT    2月-03-2021 星期三 EST 22:43:24              
{INFO}    [com.revature.ui.CustomerPanel]                              6. DEPOSIT TO SAVING ACCOUNT    2月-03-2021 星期三 EST 22:43:24              
{INFO}    [com.revature.ui.CustomerPanel]                              7. WITHDRAW FROM CHECKING ACCOUNT    2月-03-2021 星期三 EST 22:43:24              
{INFO}    [com.revature.ui.CustomerPanel]                              8. WITHDRAW FROM SAVING ACCOUNT    2月-03-2021 星期三 EST 22:43:24              
{INFO}    [com.revature.ui.CustomerPanel]                              9. TRANSFER MONEY    2月-03-2021 星期三 EST 22:43:24              
{INFO}    [com.revature.ui.CustomerPanel]                              0. Exit    2月-03-2021 星期三 EST 22:43:24              
{INFO}    [com.revature.ui.CustomerPanel]     
                         PLEASE CHOOSE FROM <0-9>:     2月-03-2021 星期三 EST 22:43:24              
{INFO}    [com.revature.ui.MainMenu]     
-----------------------WELCOME TO XING LIU'S BANKING SYSTEM-----------------------
    2月-03-2021 星期三 EST 22:44:10              
{INFO}    [com.revature.ui.MainMenu]                              1. Log In As Customer    2月-03-2021 星期三 EST 22:44:10              
{INFO}    [com.revature.ui.MainMenu]                              2. Log In As Employee    2月-03-2021 星期三 EST 22:44:10              
{INFO}    [com.revature.ui.MainMenu]                              3. Create an Customer Account    2月-03-2021 星期三 EST 22:44:10              
{INFO}    [com.revature.ui.MainMenu]                              4. Create an Employee Account    2月-03-2021 星期三 EST 22:44:10              
{INFO}    [com.revature.ui.MainMenu]                              5. Exit    2月-03-2021 星期三 EST 22:44:10              
{INFO}    [com.revature.ui.MainMenu]     
                         PLEASE CHOOSE FROM <1-5>:     2月-03-2021 星期三 EST 22:44:10              
{INFO}    [com.revature.ui.CustomerLoginView]     
-----------------------WELCOME TO CUSTOMER'S LOG IN SYSTEM------------------------
    2月-03-2021 星期三 EST 22:44:13              
{INFO}    [com.revature.ui.CustomerLoginView]     
                   1. Log In To Your Customer Panel    2月-03-2021 星期三 EST 22:44:13              
{INFO}    [com.revature.ui.CustomerLoginView]     
                   2. Return Back To Main Menu    2月-03-2021 星期三 EST 22:44:13              
{INFO}    [com.revature.ui.CustomerLoginView]     Your Entered Wrong Choice, Please Enter Again    2月-03-2021 星期三 EST 22:44:15              
{INFO}    [com.revature.ui.CustomerLoginView]     
                   1. Log In To Your Customer Panel    2月-03-2021 星期三 EST 22:44:15              
{INFO}    [com.revature.ui.CustomerLoginView]     
                   2. Return Back To Main Menu    2月-03-2021 星期三 EST 22:44:15              
{INFO}    [com.revature.ui.CustomerLoginView]     Your Entered Wrong Choice, Please Enter Again    2月-03-2021 星期三 EST 22:44:16              
{INFO}    [com.revature.ui.CustomerLoginView]     
                   1. Log In To Your Customer Panel    2月-03-2021 星期三 EST 22:44:16              
{INFO}    [com.revature.ui.CustomerLoginView]     
                   2. Return Back To Main Menu    2月-03-2021 星期三 EST 22:44:16              
{INFO}    [com.revature.ui.CustomerLoginView]     1. Please enter your username    2月-03-2021 星期三 EST 22:44:18              
{INFO}    [com.revature.ui.CustomerLoginView]     
2. Please enter your password    2月-03-2021 星期三 EST 22:44:20              
{INFO}    [com.revature.ui.CustomerPanel]     
-----------------------WELCOME TO CUSTOMER'S BANKING SYSTEM-----------------------
    2月-03-2021 星期三 EST 22:44:21              
{INFO}    [com.revature.ui.CustomerPanel]                              1. APPLY FOR CHECKING ACCOUNT    2月-03-2021 星期三 EST 22:44:21              
{INFO}    [com.revature.ui.CustomerPanel]                              2. APPLY FOR SAVING ACCOUNT    2月-03-2021 星期三 EST 22:44:21              
{INFO}    [com.revature.ui.CustomerPanel]                              3. CHECK YOUR CHECKING ACCOUNT BALANCE    2月-03-2021 星期三 EST 22:44:21              
{INFO}    [com.revature.ui.CustomerPanel]                              4. CHECK YOUR SAVING ACCOUNT BALANCE    2月-03-2021 星期三 EST 22:44:21              
{INFO}    [com.revature.ui.CustomerPanel]                              5. DEPOSIT TO CHECKING ACCOUNT    2月-03-2021 星期三 EST 22:44:21              
{INFO}    [com.revature.ui.CustomerPanel]                              6. DEPOSIT TO SAVING ACCOUNT    2月-03-2021 星期三 EST 22:44:21              
{INFO}    [com.revature.ui.CustomerPanel]                              7. WITHDRAW FROM CHECKING ACCOUNT    2月-03-2021 星期三 EST 22:44:21              
{INFO}    [com.revature.ui.CustomerPanel]                              8. WITHDRAW FROM SAVING ACCOUNT    2月-03-2021 星期三 EST 22:44:21              
{INFO}    [com.revature.ui.CustomerPanel]                              9. TRANSFER MONEY    2月-03-2021 星期三 EST 22:44:21              
{INFO}    [com.revature.ui.CustomerPanel]                              0. Exit    2月-03-2021 星期三 EST 22:44:21              
{INFO}    [com.revature.ui.CustomerPanel]     
                         PLEASE CHOOSE FROM <0-9>:     2月-03-2021 星期三 EST 22:44:21              
{INFO}    [com.revature.ui.CustomerPanel]     申请checking账户失败    2月-03-2021 星期三 EST 22:44:27              
{INFO}    [com.revature.ui.CustomerPanel]     
-----------------------WELCOME TO CUSTOMER'S BANKING SYSTEM-----------------------
    2月-03-2021 星期三 EST 22:44:27              
{INFO}    [com.revature.ui.CustomerPanel]                              1. APPLY FOR CHECKING ACCOUNT    2月-03-2021 星期三 EST 22:44:27              
{INFO}    [com.revature.ui.CustomerPanel]                              2. APPLY FOR SAVING ACCOUNT    2月-03-2021 星期三 EST 22:44:27              
{INFO}    [com.revature.ui.CustomerPanel]                              3. CHECK YOUR CHECKING ACCOUNT BALANCE    2月-03-2021 星期三 EST 22:44:27              
{INFO}    [com.revature.ui.CustomerPanel]                              4. CHECK YOUR SAVING ACCOUNT BALANCE    2月-03-2021 星期三 EST 22:44:27              
{INFO}    [com.revature.ui.CustomerPanel]                              5. DEPOSIT TO CHECKING ACCOUNT    2月-03-2021 星期三 EST 22:44:27              
{INFO}    [com.revature.ui.CustomerPanel]                              6. DEPOSIT TO SAVING ACCOUNT    2月-03-2021 星期三 EST 22:44:27              
{INFO}    [com.revature.ui.CustomerPanel]                              7. WITHDRAW FROM CHECKING ACCOUNT    2月-03-2021 星期三 EST 22:44:27              
{INFO}    [com.revature.ui.CustomerPanel]                              8. WITHDRAW FROM SAVING ACCOUNT    2月-03-2021 星期三 EST 22:44:27              
{INFO}    [com.revature.ui.CustomerPanel]                              9. TRANSFER MONEY    2月-03-2021 星期三 EST 22:44:27              
{INFO}    [com.revature.ui.CustomerPanel]                              0. Exit    2月-03-2021 星期三 EST 22:44:27              
{INFO}    [com.revature.ui.CustomerPanel]     
                         PLEASE CHOOSE FROM <0-9>:     2月-03-2021 星期三 EST 22:44:27              
{INFO}    [com.revature.ui.MainMenu]     
-----------------------WELCOME TO XING LIU'S BANKING SYSTEM-----------------------
    2月-03-2021 星期三 EST 22:46:02              
{INFO}    [com.revature.ui.MainMenu]                              1. Log In As Customer    2月-03-2021 星期三 EST 22:46:02              
{INFO}    [com.revature.ui.MainMenu]                              2. Log In As Employee    2月-03-2021 星期三 EST 22:46:02              
{INFO}    [com.revature.ui.MainMenu]                              3. Create an Customer Account    2月-03-2021 星期三 EST 22:46:02              
{INFO}    [com.revature.ui.MainMenu]                              4. Create an Employee Account    2月-03-2021 星期三 EST 22:46:02              
{INFO}    [com.revature.ui.MainMenu]                              5. Exit    2月-03-2021 星期三 EST 22:46:02              
{INFO}    [com.revature.ui.MainMenu]     
                         PLEASE CHOOSE FROM <1-5>:     2月-03-2021 星期三 EST 22:46:02              
{INFO}    [com.revature.ui.CustomerLoginView]     
-----------------------WELCOME TO CUSTOMER'S LOG IN SYSTEM------------------------
    2月-03-2021 星期三 EST 22:46:08              
{INFO}    [com.revature.ui.CustomerLoginView]     
                   1. Log In To Your Customer Panel    2月-03-2021 星期三 EST 22:46:08              
{INFO}    [com.revature.ui.CustomerLoginView]     
                   2. Return Back To Main Menu    2月-03-2021 星期三 EST 22:46:08              
{INFO}    [com.revature.ui.CustomerLoginView]     1. Please enter your username    2月-03-2021 星期三 EST 22:46:10              
{INFO}    [com.revature.ui.CustomerLoginView]     
2. Please enter your password    2月-03-2021 星期三 EST 22:46:12              
{INFO}    [com.revature.ui.CustomerPanel]     
-----------------------WELCOME TO CUSTOMER'S BANKING SYSTEM-----------------------
    2月-03-2021 星期三 EST 22:46:13              
{INFO}    [com.revature.ui.CustomerPanel]                              1. APPLY FOR CHECKING ACCOUNT    2月-03-2021 星期三 EST 22:46:13              
{INFO}    [com.revature.ui.CustomerPanel]                              2. APPLY FOR SAVING ACCOUNT    2月-03-2021 星期三 EST 22:46:13              
{INFO}    [com.revature.ui.CustomerPanel]                              3. CHECK YOUR CHECKING ACCOUNT BALANCE    2月-03-2021 星期三 EST 22:46:13              
{INFO}    [com.revature.ui.CustomerPanel]                              4. CHECK YOUR SAVING ACCOUNT BALANCE    2月-03-2021 星期三 EST 22:46:13              
{INFO}    [com.revature.ui.CustomerPanel]                              5. DEPOSIT TO CHECKING ACCOUNT    2月-03-2021 星期三 EST 22:46:13              
{INFO}    [com.revature.ui.CustomerPanel]                              6. DEPOSIT TO SAVING ACCOUNT    2月-03-2021 星期三 EST 22:46:13              
{INFO}    [com.revature.ui.CustomerPanel]                              7. WITHDRAW FROM CHECKING ACCOUNT    2月-03-2021 星期三 EST 22:46:13              
{INFO}    [com.revature.ui.CustomerPanel]                              8. WITHDRAW FROM SAVING ACCOUNT    2月-03-2021 星期三 EST 22:46:13              
{INFO}    [com.revature.ui.CustomerPanel]                              9. TRANSFER MONEY    2月-03-2021 星期三 EST 22:46:13              
{INFO}    [com.revature.ui.CustomerPanel]                              0. Exit    2月-03-2021 星期三 EST 22:46:13              
{INFO}    [com.revature.ui.CustomerPanel]     
                         PLEASE CHOOSE FROM <0-9>:     2月-03-2021 星期三 EST 22:46:13              
{INFO}    [com.revature.ui.CustomerPanel]     申请checking账户成功    2月-03-2021 星期三 EST 22:46:15              
{INFO}    [com.revature.ui.CustomerPanel]     
-----------------------WELCOME TO CUSTOMER'S BANKING SYSTEM-----------------------
    2月-03-2021 星期三 EST 22:46:15              
{INFO}    [com.revature.ui.CustomerPanel]                              1. APPLY FOR CHECKING ACCOUNT    2月-03-2021 星期三 EST 22:46:15              
{INFO}    [com.revature.ui.CustomerPanel]                              2. APPLY FOR SAVING ACCOUNT    2月-03-2021 星期三 EST 22:46:15              
{INFO}    [com.revature.ui.CustomerPanel]                              3. CHECK YOUR CHECKING ACCOUNT BALANCE    2月-03-2021 星期三 EST 22:46:15              
{INFO}    [com.revature.ui.CustomerPanel]                              4. CHECK YOUR SAVING ACCOUNT BALANCE    2月-03-2021 星期三 EST 22:46:15              
{INFO}    [com.revature.ui.CustomerPanel]                              5. DEPOSIT TO CHECKING ACCOUNT    2月-03-2021 星期三 EST 22:46:15              
{INFO}    [com.revature.ui.CustomerPanel]                              6. DEPOSIT TO SAVING ACCOUNT    2月-03-2021 星期三 EST 22:46:15              
{INFO}    [com.revature.ui.CustomerPanel]                              7. WITHDRAW FROM CHECKING ACCOUNT    2月-03-2021 星期三 EST 22:46:15              
{INFO}    [com.revature.ui.CustomerPanel]                              8. WITHDRAW FROM SAVING ACCOUNT    2月-03-2021 星期三 EST 22:46:15              
{INFO}    [com.revature.ui.CustomerPanel]                              9. TRANSFER MONEY    2月-03-2021 星期三 EST 22:46:15              
{INFO}    [com.revature.ui.CustomerPanel]                              0. Exit    2月-03-2021 星期三 EST 22:46:15              
{INFO}    [com.revature.ui.CustomerPanel]     
                         PLEASE CHOOSE FROM <0-9>:     2月-03-2021 星期三 EST 22:46:15              
{INFO}    [com.revature.ui.CustomerPanel]     申请saving账户失败    2月-03-2021 星期三 EST 22:46:35              
{INFO}    [com.revature.ui.CustomerPanel]     
-----------------------WELCOME TO CUSTOMER'S BANKING SYSTEM-----------------------
    2月-03-2021 星期三 EST 22:46:35              
{INFO}    [com.revature.ui.CustomerPanel]                              1. APPLY FOR CHECKING ACCOUNT    2月-03-2021 星期三 EST 22:46:35              
{INFO}    [com.revature.ui.CustomerPanel]                              2. APPLY FOR SAVING ACCOUNT    2月-03-2021 星期三 EST 22:46:35              
{INFO}    [com.revature.ui.CustomerPanel]                              3. CHECK YOUR CHECKING ACCOUNT BALANCE    2月-03-2021 星期三 EST 22:46:35              
{INFO}    [com.revature.ui.CustomerPanel]                              4. CHECK YOUR SAVING ACCOUNT BALANCE    2月-03-2021 星期三 EST 22:46:35              
{INFO}    [com.revature.ui.CustomerPanel]                              5. DEPOSIT TO CHECKING ACCOUNT    2月-03-2021 星期三 EST 22:46:35              
{INFO}    [com.revature.ui.CustomerPanel]                              6. DEPOSIT TO SAVING ACCOUNT    2月-03-2021 星期三 EST 22:46:35              
{INFO}    [com.revature.ui.CustomerPanel]                              7. WITHDRAW FROM CHECKING ACCOUNT    2月-03-2021 星期三 EST 22:46:35              
{INFO}    [com.revature.ui.CustomerPanel]                              8. WITHDRAW FROM SAVING ACCOUNT    2月-03-2021 星期三 EST 22:46:35              
{INFO}    [com.revature.ui.CustomerPanel]                              9. TRANSFER MONEY    2月-03-2021 星期三 EST 22:46:35              
{INFO}    [com.revature.ui.CustomerPanel]                              0. Exit    2月-03-2021 星期三 EST 22:46:35              
{INFO}    [com.revature.ui.CustomerPanel]     
                         PLEASE CHOOSE FROM <0-9>:     2月-03-2021 星期三 EST 22:46:35              
